2024-05-14 08:08:50 WARN [com.zaxxer.hikari.pool.HikariPool]: HikariPool-1 - Thread starvation or clock leap detected (housekeeper delta=10h19m38s274ms770µs200ns).
2024-05-14 08:30:50 WARN [com.zaxxer.hikari.pool.HikariPool]: HikariPool-1 - Thread starvation or clock leap detected (housekeeper delta=18m645ms695µs500ns).
2024-05-14 08:34:04 INFO [com.zaxxer.hikari.HikariDataSource]: HikariPool-1 - Shutdown initiated...
2024-05-14 08:34:04 INFO [com.zaxxer.hikari.HikariDataSource]: HikariPool-1 - Shutdown completed.
2024-05-14 08:34:04 INFO [org.springframework.boot.devtools.env.DevToolsPropertyDefaultsPostProcessor]: Devtools property defaults active! Set 'spring.devtools.add-properties' to 'false' to disable
2024-05-14 08:34:04 INFO [org.springframework.boot.devtools.env.DevToolsPropertyDefaultsPostProcessor]: For additional web related logging consider setting the 'logging.level.web' property to 'DEBUG'
2024-05-14 08:34:04 INFO [com.example.yin.YinMusicApplication]: Starting YinMusicApplication using Java 1.8.0_391 on DESKTOP-LO3NT8A with PID 19400 (started by wxt in C:\Users\wxt\Desktop\Yin_music-main\Yin_music-main\music-website-master)
2024-05-14 08:34:04 INFO [com.example.yin.YinMusicApplication]: No active profile set, falling back to default profiles: default
2024-05-14 08:34:04 WARN [org.mybatis.spring.mapper.ClassPathMapperScanner]: No MyBatis mapper was found in '[com.example.yin.dao]' package. Please check your configuration.
2024-05-14 08:34:04 WARN [org.mybatis.spring.mapper.ClassPathMapperScanner]: No MyBatis mapper was found in '[com.example.yin]' package. Please check your configuration.
2024-05-14 08:34:04 INFO [org.springframework.boot.web.embedded.tomcat.TomcatWebServer]: Tomcat initialized with port(s): 8080 (http)
2024-05-14 08:34:04 INFO [org.springframework.boot.web.servlet.context.ServletWebServerApplicationContext]: Root WebApplicationContext: initialization completed in 267 ms
2024-05-14 08:34:04 WARN [org.springframework.boot.web.servlet.context.AnnotationConfigServletWebServerApplicationContext]: Exception encountered during context initialization - cancelling refresh attempt: org.springframework.beans.factory.BeanCreationException: Error creating bean with name 'dataSource' defined in class path resource [org/springframework/boot/autoconfigure/jdbc/DataSourceConfiguration$Hikari.class]: Bean instantiation via factory method failed; nested exception is org.springframework.beans.BeanInstantiationException: Failed to instantiate [com.zaxxer.hikari.HikariDataSource]: Factory method 'dataSource' threw exception; nested exception is org.springframework.boot.autoconfigure.jdbc.DataSourceProperties$DataSourceBeanCreationException: Failed to determine a suitable driver class
2024-05-14 08:34:04 INFO [org.springframework.boot.autoconfigure.logging.ConditionEvaluationReportLoggingListener]: 

Error starting ApplicationContext. To display the conditions report re-run your application with 'debug' enabled.
2024-05-14 08:34:04 ERROR [org.springframework.boot.diagnostics.LoggingFailureAnalysisReporter]: 

***************************
APPLICATION FAILED TO START
***************************

Description:

Failed to configure a DataSource: 'url' attribute is not specified and no embedded datasource could be configured.

Reason: Failed to determine a suitable driver class


Action:

Consider the following:
	If you want an embedded database (H2, HSQL or Derby), please put it on the classpath.
	If you have database settings to be loaded from a particular profile you may need to activate it (no profiles are currently active).

2024-05-14 08:41:17 INFO [com.example.yin.YinMusicApplication]: Starting YinMusicApplication using Java 1.8.0_391 on DESKTOP-LO3NT8A with PID 3076 (C:\Users\wxt\Desktop\Yin_music-main\Yin_music-main\music-website-master\Yun-server\target\classes started by wxt in C:\Users\wxt\Desktop\Yin_music-main\Yin_music-main\music-website-master)
2024-05-14 08:41:17 INFO [com.example.yin.YinMusicApplication]: No active profile set, falling back to default profiles: default
2024-05-14 08:41:17 INFO [org.springframework.boot.devtools.env.DevToolsPropertyDefaultsPostProcessor]: Devtools property defaults active! Set 'spring.devtools.add-properties' to 'false' to disable
2024-05-14 08:41:17 INFO [org.springframework.boot.devtools.env.DevToolsPropertyDefaultsPostProcessor]: For additional web related logging consider setting the 'logging.level.web' property to 'DEBUG'
2024-05-14 08:41:18 INFO [org.springframework.boot.web.embedded.tomcat.TomcatWebServer]: Tomcat initialized with port(s): 8888 (http)
2024-05-14 08:41:18 INFO [org.springframework.boot.web.servlet.context.ServletWebServerApplicationContext]: Root WebApplicationContext: initialization completed in 1215 ms
2024-05-14 08:41:18 WARN [org.springframework.boot.devtools.autoconfigure.OptionalLiveReloadServer]: Unable to start LiveReload server
2024-05-14 08:41:18 INFO [org.springframework.boot.web.embedded.tomcat.TomcatWebServer]: Tomcat started on port(s): 8888 (http) with context path ''
2024-05-14 08:41:18 INFO [com.example.yin.YinMusicApplication]: Started YinMusicApplication in 1.922 seconds (JVM running for 2.864)
2024-05-14 08:54:18 INFO [org.springframework.boot.devtools.env.DevToolsPropertyDefaultsPostProcessor]: Devtools property defaults active! Set 'spring.devtools.add-properties' to 'false' to disable
2024-05-14 08:54:18 INFO [org.springframework.boot.devtools.env.DevToolsPropertyDefaultsPostProcessor]: For additional web related logging consider setting the 'logging.level.web' property to 'DEBUG'
2024-05-14 08:54:18 INFO [com.example.yin.YinMusicApplication]: Starting YinMusicApplication using Java 1.8.0_391 on DESKTOP-LO3NT8A with PID 3076 (C:\Users\wxt\Desktop\Yin_music-main\Yin_music-main\music-website-master\Yun-server\target\classes started by wxt in C:\Users\wxt\Desktop\Yin_music-main\Yin_music-main\music-website-master)
2024-05-14 08:54:18 INFO [com.example.yin.YinMusicApplication]: No active profile set, falling back to default profiles: default
2024-05-14 08:54:18 INFO [org.springframework.boot.web.embedded.tomcat.TomcatWebServer]: Tomcat initialized with port(s): 8888 (http)
2024-05-14 08:54:18 INFO [org.springframework.boot.web.servlet.context.ServletWebServerApplicationContext]: Root WebApplicationContext: initialization completed in 442 ms
2024-05-14 08:54:18 WARN [org.springframework.boot.devtools.autoconfigure.OptionalLiveReloadServer]: Unable to start LiveReload server
2024-05-14 08:54:18 INFO [org.springframework.boot.web.embedded.tomcat.TomcatWebServer]: Tomcat started on port(s): 8888 (http) with context path ''
2024-05-14 08:54:18 INFO [com.example.yin.YinMusicApplication]: Started YinMusicApplication in 0.658 seconds (JVM running for 782.867)
2024-05-14 08:54:18 INFO [org.springframework.boot.devtools.autoconfigure.ConditionEvaluationDeltaLoggingListener]: Condition evaluation unchanged
2024-05-14 08:54:20 INFO [org.springframework.boot.devtools.env.DevToolsPropertyDefaultsPostProcessor]: Devtools property defaults active! Set 'spring.devtools.add-properties' to 'false' to disable
2024-05-14 08:54:20 INFO [org.springframework.boot.devtools.env.DevToolsPropertyDefaultsPostProcessor]: For additional web related logging consider setting the 'logging.level.web' property to 'DEBUG'
2024-05-14 08:54:20 INFO [com.example.yin.YinMusicApplication]: Starting YinMusicApplication using Java 1.8.0_391 on DESKTOP-LO3NT8A with PID 3076 (C:\Users\wxt\Desktop\Yin_music-main\Yin_music-main\music-website-master\Yun-server\target\classes started by wxt in C:\Users\wxt\Desktop\Yin_music-main\Yin_music-main\music-website-master)
2024-05-14 08:54:20 INFO [com.example.yin.YinMusicApplication]: No active profile set, falling back to default profiles: default
2024-05-14 08:54:20 INFO [org.springframework.boot.web.embedded.tomcat.TomcatWebServer]: Tomcat initialized with port(s): 8888 (http)
2024-05-14 08:54:20 INFO [org.springframework.boot.web.servlet.context.ServletWebServerApplicationContext]: Root WebApplicationContext: initialization completed in 200 ms
2024-05-14 08:54:20 WARN [org.springframework.boot.devtools.autoconfigure.OptionalLiveReloadServer]: Unable to start LiveReload server
2024-05-14 08:54:20 INFO [org.springframework.boot.web.embedded.tomcat.TomcatWebServer]: Tomcat started on port(s): 8888 (http) with context path ''
2024-05-14 08:54:20 INFO [com.example.yin.YinMusicApplication]: Started YinMusicApplication in 0.299 seconds (JVM running for 784.926)
2024-05-14 08:54:20 INFO [org.springframework.boot.devtools.autoconfigure.ConditionEvaluationDeltaLoggingListener]: Condition evaluation unchanged
2024-05-14 08:56:18 INFO [org.springframework.boot.devtools.env.DevToolsPropertyDefaultsPostProcessor]: Devtools property defaults active! Set 'spring.devtools.add-properties' to 'false' to disable
2024-05-14 08:56:18 INFO [org.springframework.boot.devtools.env.DevToolsPropertyDefaultsPostProcessor]: For additional web related logging consider setting the 'logging.level.web' property to 'DEBUG'
2024-05-14 08:56:18 INFO [com.example.yin.YinMusicApplication]: Starting YinMusicApplication using Java 1.8.0_391 on DESKTOP-LO3NT8A with PID 3076 (started by wxt in C:\Users\wxt\Desktop\Yin_music-main\Yin_music-main\music-website-master)
2024-05-14 08:56:18 INFO [com.example.yin.YinMusicApplication]: No active profile set, falling back to default profiles: default
2024-05-14 08:56:18 WARN [org.mybatis.spring.mapper.ClassPathMapperScanner]: No MyBatis mapper was found in '[com.example.yin.dao]' package. Please check your configuration.
2024-05-14 08:56:18 WARN [org.mybatis.spring.mapper.ClassPathMapperScanner]: No MyBatis mapper was found in '[com.example.yin]' package. Please check your configuration.
2024-05-14 08:56:18 INFO [org.springframework.boot.web.embedded.tomcat.TomcatWebServer]: Tomcat initialized with port(s): 8080 (http)
2024-05-14 08:56:18 INFO [org.springframework.boot.web.servlet.context.ServletWebServerApplicationContext]: Root WebApplicationContext: initialization completed in 128 ms
2024-05-14 08:56:18 WARN [org.springframework.boot.web.servlet.context.AnnotationConfigServletWebServerApplicationContext]: Exception encountered during context initialization - cancelling refresh attempt: org.springframework.beans.factory.BeanCreationException: Error creating bean with name 'dataSource' defined in class path resource [org/springframework/boot/autoconfigure/jdbc/DataSourceConfiguration$Hikari.class]: Bean instantiation via factory method failed; nested exception is org.springframework.beans.BeanInstantiationException: Failed to instantiate [com.zaxxer.hikari.HikariDataSource]: Factory method 'dataSource' threw exception; nested exception is org.springframework.boot.autoconfigure.jdbc.DataSourceProperties$DataSourceBeanCreationException: Failed to determine a suitable driver class
2024-05-14 08:56:18 INFO [org.springframework.boot.autoconfigure.logging.ConditionEvaluationReportLoggingListener]: 

Error starting ApplicationContext. To display the conditions report re-run your application with 'debug' enabled.
2024-05-14 08:56:18 ERROR [org.springframework.boot.diagnostics.LoggingFailureAnalysisReporter]: 

***************************
APPLICATION FAILED TO START
***************************

Description:

Failed to configure a DataSource: 'url' attribute is not specified and no embedded datasource could be configured.

Reason: Failed to determine a suitable driver class


Action:

Consider the following:
	If you want an embedded database (H2, HSQL or Derby), please put it on the classpath.
	If you have database settings to be loaded from a particular profile you may need to activate it (no profiles are currently active).

2024-05-14 08:58:47 INFO [org.springframework.boot.devtools.env.DevToolsPropertyDefaultsPostProcessor]: Devtools property defaults active! Set 'spring.devtools.add-properties' to 'false' to disable
2024-05-14 08:58:47 INFO [org.springframework.boot.devtools.env.DevToolsPropertyDefaultsPostProcessor]: For additional web related logging consider setting the 'logging.level.web' property to 'DEBUG'
2024-05-14 08:58:47 INFO [com.example.yin.YinMusicApplication]: Starting YinMusicApplication using Java 1.8.0_391 on DESKTOP-LO3NT8A with PID 3076 (C:\Users\wxt\Desktop\Yin_music-main\Yin_music-main\music-website-master\Yun-server\target\classes started by wxt in C:\Users\wxt\Desktop\Yin_music-main\Yin_music-main\music-website-master)
2024-05-14 08:58:47 INFO [com.example.yin.YinMusicApplication]: No active profile set, falling back to default profiles: default
2024-05-14 08:58:47 INFO [org.springframework.boot.web.embedded.tomcat.TomcatWebServer]: Tomcat initialized with port(s): 8888 (http)
2024-05-14 08:58:47 INFO [org.springframework.boot.web.servlet.context.ServletWebServerApplicationContext]: Root WebApplicationContext: initialization completed in 244 ms
2024-05-14 08:58:47 WARN [org.springframework.boot.devtools.autoconfigure.OptionalLiveReloadServer]: Unable to start LiveReload server
2024-05-14 08:58:47 INFO [org.springframework.boot.web.embedded.tomcat.TomcatWebServer]: Tomcat started on port(s): 8888 (http) with context path ''
2024-05-14 08:58:47 INFO [com.example.yin.YinMusicApplication]: Started YinMusicApplication in 0.523 seconds (JVM running for 1051.85)
2024-05-14 08:58:47 INFO [org.springframework.boot.devtools.autoconfigure.ConditionEvaluationDeltaLoggingListener]: Condition evaluation delta:


==========================
CONDITION EVALUATION DELTA
==========================


Positive matches:
-----------------

   MultipartAutoConfiguration#multipartConfigElement matched:
      - @ConditionalOnMissingBean (types: javax.servlet.MultipartConfigElement,org.springframework.web.multipart.commons.CommonsMultipartResolver; SearchStrategy: all) did not find any beans (OnBeanCondition)


Negative matches:
-----------------

    None


Exclusions:
-----------

    None


Unconditional classes:
----------------------

    None



2024-05-14 08:58:50 INFO [org.springframework.boot.devtools.env.DevToolsPropertyDefaultsPostProcessor]: Devtools property defaults active! Set 'spring.devtools.add-properties' to 'false' to disable
2024-05-14 08:58:50 INFO [org.springframework.boot.devtools.env.DevToolsPropertyDefaultsPostProcessor]: For additional web related logging consider setting the 'logging.level.web' property to 'DEBUG'
2024-05-14 08:58:50 INFO [com.example.yin.YinMusicApplication]: Starting YinMusicApplication using Java 1.8.0_391 on DESKTOP-LO3NT8A with PID 3076 (C:\Users\wxt\Desktop\Yin_music-main\Yin_music-main\music-website-master\Yun-server\target\classes started by wxt in C:\Users\wxt\Desktop\Yin_music-main\Yin_music-main\music-website-master)
2024-05-14 08:58:50 INFO [com.example.yin.YinMusicApplication]: No active profile set, falling back to default profiles: default
2024-05-14 08:58:50 INFO [org.springframework.boot.web.embedded.tomcat.TomcatWebServer]: Tomcat initialized with port(s): 8888 (http)
2024-05-14 08:58:50 INFO [org.springframework.boot.web.servlet.context.ServletWebServerApplicationContext]: Root WebApplicationContext: initialization completed in 533 ms
2024-05-14 08:58:50 WARN [org.springframework.boot.devtools.autoconfigure.OptionalLiveReloadServer]: Unable to start LiveReload server
2024-05-14 08:58:50 INFO [org.springframework.boot.web.embedded.tomcat.TomcatWebServer]: Tomcat started on port(s): 8888 (http) with context path ''
2024-05-14 08:58:50 INFO [com.example.yin.YinMusicApplication]: Started YinMusicApplication in 0.829 seconds (JVM running for 1055.012)
2024-05-14 08:58:50 INFO [org.springframework.boot.devtools.autoconfigure.ConditionEvaluationDeltaLoggingListener]: Condition evaluation delta:


==========================
CONDITION EVALUATION DELTA
==========================


Positive matches:
-----------------

    None


Negative matches:
-----------------

   MultipartAutoConfiguration#multipartConfigElement:
      Did not match:
         - @ConditionalOnMissingBean (types: javax.servlet.MultipartConfigElement,org.springframework.web.multipart.commons.CommonsMultipartResolver; SearchStrategy: all) found beans of type 'javax.servlet.MultipartConfigElement' multipartConfigElement (OnBeanCondition)


Exclusions:
-----------

    None


Unconditional classes:
----------------------

    None



2024-05-14 08:58:52 INFO [com.example.yin.YinMusicApplication]: Starting YinMusicApplication using Java 1.8.0_391 on DESKTOP-LO3NT8A with PID 22884 (C:\Users\wxt\Desktop\Yin_music-main\Yin_music-main\music-website-master\Yun-server\target\classes started by wxt in C:\Users\wxt\Desktop\Yin_music-main\Yin_music-main\music-website-master)
2024-05-14 08:58:52 INFO [com.example.yin.YinMusicApplication]: No active profile set, falling back to default profiles: default
2024-05-14 08:58:52 INFO [org.springframework.boot.devtools.env.DevToolsPropertyDefaultsPostProcessor]: Devtools property defaults active! Set 'spring.devtools.add-properties' to 'false' to disable
2024-05-14 08:58:52 INFO [org.springframework.boot.devtools.env.DevToolsPropertyDefaultsPostProcessor]: For additional web related logging consider setting the 'logging.level.web' property to 'DEBUG'
2024-05-14 08:58:53 INFO [org.springframework.boot.web.embedded.tomcat.TomcatWebServer]: Tomcat initialized with port(s): 8888 (http)
2024-05-14 08:58:53 INFO [org.springframework.boot.web.servlet.context.ServletWebServerApplicationContext]: Root WebApplicationContext: initialization completed in 1515 ms
2024-05-14 08:58:54 WARN [org.springframework.boot.devtools.autoconfigure.OptionalLiveReloadServer]: Unable to start LiveReload server
2024-05-14 08:58:54 WARN [org.springframework.boot.web.servlet.context.AnnotationConfigServletWebServerApplicationContext]: Exception encountered during context initialization - cancelling refresh attempt: org.springframework.context.ApplicationContextException: Failed to start bean 'webServerStartStop'; nested exception is org.springframework.boot.web.server.PortInUseException: Port 8888 is already in use
2024-05-14 08:58:54 INFO [org.springframework.boot.autoconfigure.logging.ConditionEvaluationReportLoggingListener]: 

Error starting ApplicationContext. To display the conditions report re-run your application with 'debug' enabled.
2024-05-14 08:58:54 ERROR [org.springframework.boot.diagnostics.LoggingFailureAnalysisReporter]: 

***************************
APPLICATION FAILED TO START
***************************

Description:

Web server failed to start. Port 8888 was already in use.

Action:

Identify and stop the process that's listening on port 8888 or configure this application to listen on another port.

2024-05-14 09:03:31 INFO [com.example.yin.YinMusicApplication]: Starting YinMusicApplication using Java 1.8.0_391 on DESKTOP-LO3NT8A with PID 12736 (C:\Users\wxt\Desktop\Yin_music-main\Yin_music-main\music-website-master\Yun-server\target\classes started by wxt in C:\Users\wxt\Desktop\Yin_music-main\Yin_music-main\music-website-master)
2024-05-14 09:03:31 INFO [com.example.yin.YinMusicApplication]: No active profile set, falling back to default profiles: default
2024-05-14 09:03:31 INFO [org.springframework.boot.devtools.env.DevToolsPropertyDefaultsPostProcessor]: Devtools property defaults active! Set 'spring.devtools.add-properties' to 'false' to disable
2024-05-14 09:03:31 INFO [org.springframework.boot.devtools.env.DevToolsPropertyDefaultsPostProcessor]: For additional web related logging consider setting the 'logging.level.web' property to 'DEBUG'
2024-05-14 09:03:32 INFO [org.springframework.boot.web.embedded.tomcat.TomcatWebServer]: Tomcat initialized with port(s): 8888 (http)
2024-05-14 09:03:32 INFO [org.springframework.boot.web.servlet.context.ServletWebServerApplicationContext]: Root WebApplicationContext: initialization completed in 1024 ms
2024-05-14 09:03:33 WARN [org.springframework.boot.devtools.autoconfigure.OptionalLiveReloadServer]: Unable to start LiveReload server
2024-05-14 09:03:33 INFO [org.springframework.boot.web.embedded.tomcat.TomcatWebServer]: Tomcat started on port(s): 8888 (http) with context path ''
2024-05-14 09:03:33 INFO [com.example.yin.YinMusicApplication]: Started YinMusicApplication in 1.663 seconds (JVM running for 2.549)
2024-05-14 09:05:56 INFO [org.springframework.web.servlet.DispatcherServlet]: Initializing Servlet 'dispatcherServlet'
2024-05-14 09:05:56 INFO [org.springframework.web.servlet.DispatcherServlet]: Completed initialization in 0 ms
2024-05-14 09:05:56 INFO [com.zaxxer.hikari.HikariDataSource]: HikariPool-1 - Starting...
2024-05-14 09:05:57 INFO [com.zaxxer.hikari.HikariDataSource]: HikariPool-1 - Start completed.
2024-05-14 09:06:07 WARN [org.springframework.web.servlet.PageNotFound]: No mapping for GET //avatorImages/1556202448064L1.jpg
2024-05-14 09:06:07 WARN [org.springframework.web.servlet.PageNotFound]: No mapping for GET //img/user.jpg
2024-05-14 09:06:07 WARN [org.springframework.web.servlet.PageNotFound]: No mapping for GET //avatorImages/1584896565998L1.jpg
2024-05-14 09:06:07 WARN [org.springframework.web.servlet.PageNotFound]: No mapping for GET //avatorImages/1552354056660L1.jpg
2024-05-14 09:06:19 WARN [org.springframework.web.servlet.PageNotFound]: No mapping for GET //avatorImages/1552354056660L1.jpg
2024-05-14 09:06:22 WARN [org.springframework.web.servlet.PageNotFound]: No mapping for GET //avatorImages/1552354056660L1.jpg
2024-05-14 09:06:23 WARN [org.springframework.web.servlet.PageNotFound]: No mapping for GET //avatorImages/1552354056660L1.jpg
2024-05-14 09:14:37 WARN [org.springframework.web.servlet.PageNotFound]: No mapping for GET //avatorImages/1556202448064L1.jpg
2024-05-14 09:38:33 WARN [org.springframework.web.servlet.PageNotFound]: No mapping for GET //avatorImages/1556202448064L1.jpg
2024-05-14 09:38:33 WARN [org.springframework.web.servlet.PageNotFound]: No mapping for GET //avatorImages/1552354056660L1.jpg
2024-05-14 09:38:33 WARN [org.springframework.web.servlet.PageNotFound]: No mapping for GET //img/user.jpg
2024-05-14 09:38:33 WARN [org.springframework.web.servlet.PageNotFound]: No mapping for GET //avatorImages/1584896565998L1.jpg
2024-05-14 09:38:36 WARN [org.springframework.web.servlet.PageNotFound]: No mapping for GET //avatorImages/1584896565998L1.jpg
2024-05-14 09:38:36 WARN [org.springframework.web.servlet.PageNotFound]: No mapping for GET //img/user.jpg
2024-05-14 09:38:36 WARN [org.springframework.web.servlet.PageNotFound]: No mapping for GET //avatorImages/1556202448064L1.jpg
2024-05-14 09:38:36 WARN [org.springframework.web.servlet.PageNotFound]: No mapping for GET //avatorImages/1552354056660L1.jpg
2024-05-14 10:09:59 WARN [org.springframework.web.servlet.PageNotFound]: No mapping for GET //img/user.jpg
2024-05-14 10:10:07 WARN [org.springframework.web.servlet.PageNotFound]: No mapping for GET //img/user.jpg
2024-05-14 10:12:10 WARN [org.springframework.web.servlet.PageNotFound]: No mapping for GET //avatorImages/1556202448064L1.jpg
2024-05-14 10:12:10 WARN [org.springframework.web.servlet.PageNotFound]: No mapping for GET //avatorImages/1556202448064L1.jpg
2024-05-14 10:12:10 WARN [org.springframework.web.servlet.PageNotFound]: No mapping for GET //avatorImages/1556202448064L1.jpg
2024-05-14 10:12:14 WARN [org.springframework.web.servlet.PageNotFound]: No mapping for GET //avatorImages/1556202448064L1.jpg
2024-05-14 10:12:14 WARN [org.springframework.web.servlet.PageNotFound]: No mapping for GET //avatorImages/1552354056660L1.jpg
2024-05-14 10:12:14 WARN [org.springframework.web.servlet.PageNotFound]: No mapping for GET //avatorImages/1556202448064L1.jpg
2024-05-14 10:12:14 WARN [org.springframework.web.servlet.PageNotFound]: No mapping for GET //avatorImages/1556202448064L1.jpg
2024-05-14 10:12:14 WARN [org.springframework.web.servlet.PageNotFound]: No mapping for GET //avatorImages/1556202448064L1.jpg
2024-05-14 10:12:19 WARN [org.springframework.web.servlet.PageNotFound]: No mapping for GET //avatorImages/1556202448064L1.jpg
2024-05-14 10:12:19 WARN [org.springframework.web.servlet.PageNotFound]: No mapping for GET //avatorImages/1556202448064L1.jpg
2024-05-14 10:12:19 WARN [org.springframework.web.servlet.PageNotFound]: No mapping for GET //avatorImages/1556202448064L1.jpg
2024-05-14 10:12:29 WARN [org.springframework.web.servlet.PageNotFound]: No mapping for GET //avatorImages/1556202448064L1.jpg
2024-05-14 10:12:29 WARN [org.springframework.web.servlet.PageNotFound]: No mapping for GET //avatorImages/1556202448064L1.jpg
2024-05-14 10:12:29 WARN [org.springframework.web.servlet.PageNotFound]: No mapping for GET //avatorImages/1556202448064L1.jpg
2024-05-14 10:12:34 WARN [org.springframework.web.servlet.PageNotFound]: No mapping for GET //avatorImages/1556202448064L1.jpg
2024-05-14 10:12:34 WARN [org.springframework.web.servlet.PageNotFound]: No mapping for GET //avatorImages/1556202448064L1.jpg
2024-05-14 10:12:34 WARN [org.springframework.web.servlet.PageNotFound]: No mapping for GET //avatorImages/1556202448064L1.jpg
2024-05-14 10:12:39 WARN [org.springframework.web.servlet.PageNotFound]: No mapping for GET //avatorImages/1556202448064L1.jpg
2024-05-14 10:12:39 WARN [org.springframework.web.servlet.PageNotFound]: No mapping for GET //avatorImages/1556202448064L1.jpg
2024-05-14 10:12:39 WARN [org.springframework.web.servlet.PageNotFound]: No mapping for GET //avatorImages/1556202448064L1.jpg
2024-05-14 10:12:49 WARN [org.springframework.web.servlet.PageNotFound]: No mapping for GET //avatorImages/1556202448064L1.jpg
2024-05-14 10:12:49 WARN [org.springframework.web.servlet.PageNotFound]: No mapping for GET //avatorImages/1556202448064L1.jpg
2024-05-14 10:12:49 WARN [org.springframework.web.servlet.PageNotFound]: No mapping for GET //avatorImages/1556202448064L1.jpg
2024-05-14 10:12:49 WARN [org.springframework.web.servlet.PageNotFound]: No mapping for GET //avatorImages/1556202448064L1.jpg
2024-05-14 10:13:30 WARN [org.springframework.web.servlet.PageNotFound]: No mapping for GET //avatorImages/1552354056660L1.jpg
2024-05-14 10:13:43 WARN [org.springframework.web.servlet.PageNotFound]: No mapping for GET //avatorImages/1556202448064L1.jpg
2024-05-14 10:13:43 WARN [org.springframework.web.servlet.PageNotFound]: No mapping for GET //avatorImages/1552354056660L1.jpg
2024-05-14 10:13:43 WARN [org.springframework.web.servlet.PageNotFound]: No mapping for GET //avatorImages/1556202448064L1.jpg
2024-05-14 10:13:43 WARN [org.springframework.web.servlet.PageNotFound]: No mapping for GET //avatorImages/1556202448064L1.jpg
2024-05-14 10:13:43 WARN [org.springframework.web.servlet.PageNotFound]: No mapping for GET //avatorImages/1556202448064L1.jpg
2024-05-14 10:15:16 WARN [org.springframework.web.servlet.PageNotFound]: No mapping for GET //avatorImages/1556202448064L1.jpg
2024-05-14 10:15:16 WARN [org.springframework.web.servlet.PageNotFound]: No mapping for GET //avatorImages/1552354056660L1.jpg
2024-05-14 10:15:16 WARN [org.springframework.web.servlet.PageNotFound]: No mapping for GET //avatorImages/1556202448064L1.jpg
2024-05-14 10:15:16 WARN [org.springframework.web.servlet.PageNotFound]: No mapping for GET //avatorImages/1556202448064L1.jpg
2024-05-14 10:15:16 WARN [org.springframework.web.servlet.PageNotFound]: No mapping for GET //avatorImages/1556202448064L1.jpg
2024-05-14 12:40:03 WARN [com.zaxxer.hikari.pool.HikariPool]: HikariPool-1 - Thread starvation or clock leap detected (housekeeper delta=26m33s83ms627µs).
2024-05-14 13:20:31 WARN [com.zaxxer.hikari.pool.HikariPool]: HikariPool-1 - Thread starvation or clock leap detected (housekeeper delta=7m57s274ms24µs300ns).
2024-05-14 14:01:41 INFO [com.zaxxer.hikari.HikariDataSource]: HikariPool-1 - Shutdown initiated...
2024-05-14 14:01:41 INFO [com.zaxxer.hikari.HikariDataSource]: HikariPool-1 - Shutdown completed.
2024-05-14 14:01:46 INFO [com.example.yin.YinMusicApplication]: Starting YinMusicApplication using Java 1.8.0_391 on DESKTOP-LO3NT8A with PID 23432 (C:\Users\wxt\Desktop\Yin_music-main\Yin_music-main\music-website-master\Yun-server\target\classes started by wxt in C:\Users\wxt\Desktop\Yin_music-main\Yin_music-main\music-website-master)
2024-05-14 14:01:46 INFO [com.example.yin.YinMusicApplication]: No active profile set, falling back to default profiles: default
2024-05-14 14:01:46 INFO [org.springframework.boot.devtools.env.DevToolsPropertyDefaultsPostProcessor]: Devtools property defaults active! Set 'spring.devtools.add-properties' to 'false' to disable
2024-05-14 14:01:46 INFO [org.springframework.boot.devtools.env.DevToolsPropertyDefaultsPostProcessor]: For additional web related logging consider setting the 'logging.level.web' property to 'DEBUG'
2024-05-14 14:01:47 INFO [org.springframework.boot.web.embedded.tomcat.TomcatWebServer]: Tomcat initialized with port(s): 8888 (http)
2024-05-14 14:01:47 INFO [org.springframework.boot.web.servlet.context.ServletWebServerApplicationContext]: Root WebApplicationContext: initialization completed in 1117 ms
2024-05-14 14:01:47 WARN [org.springframework.boot.devtools.autoconfigure.OptionalLiveReloadServer]: Unable to start LiveReload server
2024-05-14 14:01:47 INFO [org.springframework.boot.web.embedded.tomcat.TomcatWebServer]: Tomcat started on port(s): 8888 (http) with context path ''
2024-05-14 14:01:47 INFO [com.example.yin.YinMusicApplication]: Started YinMusicApplication in 1.77 seconds (JVM running for 2.697)
2024-05-14 14:02:00 INFO [org.springframework.web.servlet.DispatcherServlet]: Initializing Servlet 'dispatcherServlet'
2024-05-14 14:02:00 INFO [org.springframework.web.servlet.DispatcherServlet]: Completed initialization in 1 ms
2024-05-14 14:02:00 INFO [com.zaxxer.hikari.HikariDataSource]: HikariPool-1 - Starting...
2024-05-14 14:02:01 INFO [com.zaxxer.hikari.HikariDataSource]: HikariPool-1 - Start completed.
2024-05-14 14:02:31 INFO [com.zaxxer.hikari.HikariDataSource]: HikariPool-1 - Shutdown initiated...
2024-05-14 14:02:31 INFO [com.zaxxer.hikari.HikariDataSource]: HikariPool-1 - Shutdown completed.
2024-05-14 14:04:31 INFO [com.example.yin.YinMusicApplication]: Starting YinMusicApplication using Java 1.8.0_391 on DESKTOP-LO3NT8A with PID 22164 (C:\Users\wxt\Desktop\Yin_music-main\Yin_music-main\music-website-master\Yun-server\target\classes started by wxt in C:\Users\wxt\Desktop\Yin_music-main\Yin_music-main\music-website-master)
2024-05-14 14:04:31 INFO [com.example.yin.YinMusicApplication]: No active profile set, falling back to default profiles: default
2024-05-14 14:04:31 INFO [org.springframework.boot.devtools.env.DevToolsPropertyDefaultsPostProcessor]: Devtools property defaults active! Set 'spring.devtools.add-properties' to 'false' to disable
2024-05-14 14:04:31 INFO [org.springframework.boot.devtools.env.DevToolsPropertyDefaultsPostProcessor]: For additional web related logging consider setting the 'logging.level.web' property to 'DEBUG'
2024-05-14 14:04:32 INFO [org.springframework.boot.web.embedded.tomcat.TomcatWebServer]: Tomcat initialized with port(s): 8888 (http)
2024-05-14 14:04:32 INFO [org.springframework.boot.web.servlet.context.ServletWebServerApplicationContext]: Root WebApplicationContext: initialization completed in 1073 ms
2024-05-14 14:04:32 WARN [org.springframework.boot.devtools.autoconfigure.OptionalLiveReloadServer]: Unable to start LiveReload server
2024-05-14 14:04:32 INFO [org.springframework.boot.web.embedded.tomcat.TomcatWebServer]: Tomcat started on port(s): 8888 (http) with context path ''
2024-05-14 14:04:32 INFO [com.example.yin.YinMusicApplication]: Started YinMusicApplication in 1.717 seconds (JVM running for 2.567)
2024-05-14 14:05:08 INFO [org.springframework.web.servlet.DispatcherServlet]: Initializing Servlet 'dispatcherServlet'
2024-05-14 14:05:08 INFO [org.springframework.web.servlet.DispatcherServlet]: Completed initialization in 0 ms
2024-05-14 14:05:09 INFO [com.zaxxer.hikari.HikariDataSource]: HikariPool-1 - Starting...
2024-05-14 14:05:09 INFO [com.zaxxer.hikari.HikariDataSource]: HikariPool-1 - Start completed.
2024-05-14 14:12:44 INFO [com.example.yin.YinMusicApplication]: Starting YinMusicApplication using Java 1.8.0_391 on DESKTOP-LO3NT8A with PID 18224 (C:\Users\wxt\Desktop\Yin_music-main\Yin_music-main\music-website-master\Yun-server\target\classes started by wxt in C:\Users\wxt\Desktop\Yin_music-main\Yin_music-main\music-website-master)
2024-05-14 14:12:44 INFO [com.example.yin.YinMusicApplication]: No active profile set, falling back to default profiles: default
2024-05-14 14:12:44 INFO [org.springframework.boot.devtools.env.DevToolsPropertyDefaultsPostProcessor]: Devtools property defaults active! Set 'spring.devtools.add-properties' to 'false' to disable
2024-05-14 14:12:44 INFO [org.springframework.boot.devtools.env.DevToolsPropertyDefaultsPostProcessor]: For additional web related logging consider setting the 'logging.level.web' property to 'DEBUG'
2024-05-14 14:12:45 INFO [org.springframework.boot.web.embedded.tomcat.TomcatWebServer]: Tomcat initialized with port(s): 8888 (http)
2024-05-14 14:12:45 INFO [org.springframework.boot.web.servlet.context.ServletWebServerApplicationContext]: Root WebApplicationContext: initialization completed in 1230 ms
2024-05-14 14:12:45 INFO [org.springframework.boot.devtools.autoconfigure.OptionalLiveReloadServer]: LiveReload server is running on port 35729
2024-05-14 14:12:45 INFO [org.springframework.boot.web.embedded.tomcat.TomcatWebServer]: Tomcat started on port(s): 8888 (http) with context path ''
2024-05-14 14:12:45 INFO [com.example.yin.YinMusicApplication]: Started YinMusicApplication in 1.932 seconds (JVM running for 2.78)
2024-05-14 14:13:41 INFO [org.springframework.web.servlet.DispatcherServlet]: Initializing Servlet 'dispatcherServlet'
2024-05-14 14:13:41 INFO [org.springframework.web.servlet.DispatcherServlet]: Completed initialization in 1 ms
2024-05-14 14:13:41 INFO [com.zaxxer.hikari.HikariDataSource]: HikariPool-1 - Starting...
2024-05-14 14:13:42 INFO [com.zaxxer.hikari.HikariDataSource]: HikariPool-1 - Start completed.
2024-05-14 14:15:33 WARN [org.springframework.web.servlet.PageNotFound]: No mapping for GET //img/user.jpg
2024-05-14 14:15:33 WARN [org.springframework.web.servlet.PageNotFound]: No mapping for GET //avatorImages/1584896565998L1.jpg
2024-05-14 14:15:33 WARN [org.springframework.web.servlet.PageNotFound]: No mapping for GET //avatorImages/1552354056660L1.jpg
2024-05-14 14:15:33 WARN [org.springframework.web.servlet.PageNotFound]: No mapping for GET //avatorImages/1556202448064L1.jpg
2024-05-14 14:15:39 WARN [org.springframework.web.servlet.PageNotFound]: No mapping for GET //avatorImages/1556202448064L1.jpg
2024-05-14 14:15:39 WARN [org.springframework.web.servlet.PageNotFound]: No mapping for GET //avatorImages/1584896565998L1.jpg
2024-05-14 14:15:39 WARN [org.springframework.web.servlet.PageNotFound]: No mapping for GET //img/user.jpg
2024-05-14 14:15:39 WARN [org.springframework.web.servlet.PageNotFound]: No mapping for GET //avatorImages/1552354056660L1.jpg
2024-05-14 14:24:27 WARN [org.springframework.web.servlet.PageNotFound]: No mapping for GET /favicon.ico
2024-05-14 14:25:15 WARN [org.springframework.web.servlet.PageNotFound]: No mapping for GET //avatorImages/1552354056660L1.jpg
2024-05-14 14:30:29 WARN [org.springframework.web.servlet.PageNotFound]: No mapping for GET //avatorImages/1552354056660L1.jpg
2024-05-14 14:30:30 WARN [org.springframework.web.servlet.PageNotFound]: No mapping for GET //avatorImages/1552354056660L1.jpg
2024-05-14 15:00:52 WARN [org.springframework.web.servlet.PageNotFound]: No mapping for GET //avatorImages/1556202448064L1.jpg
2024-05-14 15:00:52 WARN [org.springframework.web.servlet.PageNotFound]: No mapping for GET //img/user.jpg
2024-05-14 15:00:52 WARN [org.springframework.web.servlet.PageNotFound]: No mapping for GET //avatorImages/1584896565998L1.jpg
2024-05-14 15:00:52 WARN [org.springframework.web.servlet.PageNotFound]: No mapping for GET //avatorImages/1552354056660L1.jpg
2024-05-14 15:05:52 INFO [com.example.yin.YinMusicApplication]: Starting YinMusicApplication using Java 1.8.0_391 on DESKTOP-LO3NT8A with PID 15740 (C:\Users\wxt\Desktop\Yin_music-main\Yin_music-main\music-website-master\Yun-server\target\classes started by wxt in C:\Users\wxt\Desktop\Yin_music-main\Yin_music-main\music-website-master)
2024-05-14 15:05:52 INFO [com.example.yin.YinMusicApplication]: No active profile set, falling back to default profiles: default
2024-05-14 15:05:52 INFO [org.springframework.boot.devtools.env.DevToolsPropertyDefaultsPostProcessor]: Devtools property defaults active! Set 'spring.devtools.add-properties' to 'false' to disable
2024-05-14 15:05:52 INFO [org.springframework.boot.devtools.env.DevToolsPropertyDefaultsPostProcessor]: For additional web related logging consider setting the 'logging.level.web' property to 'DEBUG'
2024-05-14 15:05:53 INFO [org.springframework.boot.web.embedded.tomcat.TomcatWebServer]: Tomcat initialized with port(s): 8888 (http)
2024-05-14 15:05:53 INFO [org.springframework.boot.web.servlet.context.ServletWebServerApplicationContext]: Root WebApplicationContext: initialization completed in 1025 ms
2024-05-14 15:05:53 WARN [org.springframework.boot.devtools.autoconfigure.OptionalLiveReloadServer]: Unable to start LiveReload server
2024-05-14 15:05:53 WARN [org.springframework.boot.web.servlet.context.AnnotationConfigServletWebServerApplicationContext]: Exception encountered during context initialization - cancelling refresh attempt: org.springframework.context.ApplicationContextException: Failed to start bean 'webServerStartStop'; nested exception is org.springframework.boot.web.server.PortInUseException: Port 8888 is already in use
2024-05-14 15:05:54 INFO [org.springframework.boot.autoconfigure.logging.ConditionEvaluationReportLoggingListener]: 

Error starting ApplicationContext. To display the conditions report re-run your application with 'debug' enabled.
2024-05-14 15:05:54 ERROR [org.springframework.boot.diagnostics.LoggingFailureAnalysisReporter]: 

***************************
APPLICATION FAILED TO START
***************************

Description:

Web server failed to start. Port 8888 was already in use.

Action:

Identify and stop the process that's listening on port 8888 or configure this application to listen on another port.

2024-05-14 15:06:54 INFO [com.example.yin.YinMusicApplication]: Starting YinMusicApplication using Java 1.8.0_391 on DESKTOP-LO3NT8A with PID 18280 (C:\Users\wxt\Desktop\Yin_music-main\Yin_music-main\music-website-master\Yun-server\target\classes started by wxt in C:\Users\wxt\Desktop\Yin_music-main\Yin_music-main\music-website-master)
2024-05-14 15:06:54 INFO [com.example.yin.YinMusicApplication]: No active profile set, falling back to default profiles: default
2024-05-14 15:06:54 INFO [org.springframework.boot.devtools.env.DevToolsPropertyDefaultsPostProcessor]: Devtools property defaults active! Set 'spring.devtools.add-properties' to 'false' to disable
2024-05-14 15:06:54 INFO [org.springframework.boot.devtools.env.DevToolsPropertyDefaultsPostProcessor]: For additional web related logging consider setting the 'logging.level.web' property to 'DEBUG'
2024-05-14 15:06:55 INFO [org.springframework.boot.web.embedded.tomcat.TomcatWebServer]: Tomcat initialized with port(s): 8888 (http)
2024-05-14 15:06:55 INFO [org.springframework.boot.web.servlet.context.ServletWebServerApplicationContext]: Root WebApplicationContext: initialization completed in 963 ms
2024-05-14 15:06:55 INFO [org.springframework.boot.devtools.autoconfigure.OptionalLiveReloadServer]: LiveReload server is running on port 35729
2024-05-14 15:06:55 INFO [org.springframework.boot.web.embedded.tomcat.TomcatWebServer]: Tomcat started on port(s): 8888 (http) with context path ''
2024-05-14 15:06:55 INFO [com.example.yin.YinMusicApplication]: Started YinMusicApplication in 1.605 seconds (JVM running for 2.581)
2024-05-14 15:07:25 INFO [org.springframework.web.servlet.DispatcherServlet]: Initializing Servlet 'dispatcherServlet'
2024-05-14 15:07:25 INFO [org.springframework.web.servlet.DispatcherServlet]: Completed initialization in 0 ms
2024-05-14 15:07:26 INFO [com.zaxxer.hikari.HikariDataSource]: HikariPool-1 - Starting...
2024-05-14 15:07:26 INFO [com.zaxxer.hikari.HikariDataSource]: HikariPool-1 - Start completed.
2024-05-14 15:07:53 WARN [org.springframework.web.servlet.PageNotFound]: No mapping for GET //img/user.jpg
2024-05-14 15:07:53 WARN [org.springframework.web.servlet.PageNotFound]: No mapping for GET //avatorImages/1552354056660L1.jpg
2024-05-14 15:07:53 WARN [org.springframework.web.servlet.PageNotFound]: No mapping for GET //avatorImages/1556202448064L1.jpg
2024-05-14 15:07:53 WARN [org.springframework.web.servlet.PageNotFound]: No mapping for GET //avatorImages/1584896565998L1.jpg
2024-05-14 15:13:02 WARN [org.springframework.web.servlet.PageNotFound]: No mapping for GET //avatorImages/1584896565998L1.jpg
2024-05-14 15:13:02 WARN [org.springframework.web.servlet.PageNotFound]: No mapping for GET //avatorImages/1552354056660L1.jpg
2024-05-14 15:13:02 WARN [org.springframework.web.servlet.PageNotFound]: No mapping for GET //img/user.jpg
2024-05-14 15:13:02 WARN [org.springframework.web.servlet.PageNotFound]: No mapping for GET //avatorImages/1556202448064L1.jpg
2024-05-14 15:21:57 INFO [com.example.yin.YinMusicApplication]: Starting YinMusicApplication using Java 1.8.0_391 on DESKTOP-LO3NT8A with PID 1308 (C:\Users\wxt\Desktop\Yin_music-main\Yin_music-main\music-website-master\Yun-server\target\classes started by wxt in C:\Users\wxt\Desktop\Yin_music-main\Yin_music-main\music-website-master)
2024-05-14 15:21:57 INFO [com.example.yin.YinMusicApplication]: No active profile set, falling back to default profiles: default
2024-05-14 15:21:57 INFO [org.springframework.boot.devtools.env.DevToolsPropertyDefaultsPostProcessor]: Devtools property defaults active! Set 'spring.devtools.add-properties' to 'false' to disable
2024-05-14 15:21:57 INFO [org.springframework.boot.devtools.env.DevToolsPropertyDefaultsPostProcessor]: For additional web related logging consider setting the 'logging.level.web' property to 'DEBUG'
2024-05-14 15:21:59 INFO [org.springframework.boot.web.embedded.tomcat.TomcatWebServer]: Tomcat initialized with port(s): 8888 (http)
2024-05-14 15:21:59 INFO [org.springframework.boot.web.servlet.context.ServletWebServerApplicationContext]: Root WebApplicationContext: initialization completed in 1094 ms
2024-05-14 15:21:59 WARN [org.springframework.boot.devtools.autoconfigure.OptionalLiveReloadServer]: Unable to start LiveReload server
2024-05-14 15:21:59 WARN [org.springframework.boot.web.servlet.context.AnnotationConfigServletWebServerApplicationContext]: Exception encountered during context initialization - cancelling refresh attempt: org.springframework.context.ApplicationContextException: Failed to start bean 'webServerStartStop'; nested exception is org.springframework.boot.web.server.PortInUseException: Port 8888 is already in use
2024-05-14 15:21:59 INFO [org.springframework.boot.autoconfigure.logging.ConditionEvaluationReportLoggingListener]: 

Error starting ApplicationContext. To display the conditions report re-run your application with 'debug' enabled.
2024-05-14 15:21:59 ERROR [org.springframework.boot.diagnostics.LoggingFailureAnalysisReporter]: 

***************************
APPLICATION FAILED TO START
***************************

Description:

Web server failed to start. Port 8888 was already in use.

Action:

Identify and stop the process that's listening on port 8888 or configure this application to listen on another port.

2024-05-14 15:23:28 INFO [com.example.yin.YinMusicApplication]: Starting YinMusicApplication using Java 1.8.0_391 on DESKTOP-LO3NT8A with PID 968 (C:\Users\wxt\Desktop\Yin_music-main\Yin_music-main\music-website-master\Yun-server\target\classes started by wxt in C:\Users\wxt\Desktop\Yin_music-main\Yin_music-main\music-website-master)
2024-05-14 15:23:28 INFO [com.example.yin.YinMusicApplication]: No active profile set, falling back to default profiles: default
2024-05-14 15:23:28 INFO [org.springframework.boot.devtools.env.DevToolsPropertyDefaultsPostProcessor]: Devtools property defaults active! Set 'spring.devtools.add-properties' to 'false' to disable
2024-05-14 15:23:28 INFO [org.springframework.boot.devtools.env.DevToolsPropertyDefaultsPostProcessor]: For additional web related logging consider setting the 'logging.level.web' property to 'DEBUG'
2024-05-14 15:23:29 INFO [org.springframework.boot.web.embedded.tomcat.TomcatWebServer]: Tomcat initialized with port(s): 8888 (http)
2024-05-14 15:23:29 INFO [org.springframework.boot.web.servlet.context.ServletWebServerApplicationContext]: Root WebApplicationContext: initialization completed in 1022 ms
2024-05-14 15:23:29 INFO [org.springframework.boot.devtools.autoconfigure.OptionalLiveReloadServer]: LiveReload server is running on port 35729
2024-05-14 15:23:29 INFO [org.springframework.boot.web.embedded.tomcat.TomcatWebServer]: Tomcat started on port(s): 8888 (http) with context path ''
2024-05-14 15:23:30 INFO [com.example.yin.YinMusicApplication]: Started YinMusicApplication in 1.689 seconds (JVM running for 2.547)
2024-05-14 15:23:42 INFO [org.springframework.web.servlet.DispatcherServlet]: Initializing Servlet 'dispatcherServlet'
2024-05-14 15:23:42 INFO [org.springframework.web.servlet.DispatcherServlet]: Completed initialization in 0 ms
2024-05-14 15:23:42 INFO [com.zaxxer.hikari.HikariDataSource]: HikariPool-1 - Starting...
2024-05-14 15:23:43 INFO [com.zaxxer.hikari.HikariDataSource]: HikariPool-1 - Start completed.
